2014/10/01 21:11:07 [error] [exception.CHttpException.404] exception 'CHttpException' with message 'Системе не удалось найти запрашиваемое действие "favicon.ico".' in /home/max/public_html/o-kompas/framework/web/CController.php:483
Stack trace:
#0 /home/max/public_html/o-kompas/framework/web/CController.php(270): CController->missingAction('favicon.ico')
#1 /home/max/public_html/o-kompas/framework/web/CWebApplication.php(282): CController->run('favicon.ico')
#2 /home/max/public_html/o-kompas/framework/web/CWebApplication.php(141): CWebApplication->runController('events/favicon....')
#3 /home/max/public_html/o-kompas/framework/base/CApplication.php(180): CWebApplication->processRequest()
#4 /home/max/public_html/o-kompas/index.php(13): CApplication->run()
#5 {main}
REQUEST_URI=/index.php/events/favicon.ico
---
2014/10/01 21:11:07 [error] [exception.CHttpException.404] exception 'CHttpException' with message 'Системе не удалось найти запрашиваемое действие "img".' in /home/max/public_html/o-kompas/framework/web/CController.php:483
Stack trace:
#0 /home/max/public_html/o-kompas/framework/web/CController.php(270): CController->missingAction('img')
#1 /home/max/public_html/o-kompas/framework/web/CWebApplication.php(282): CController->run('img')
#2 /home/max/public_html/o-kompas/framework/web/CWebApplication.php(141): CWebApplication->runController('events/img/favi...')
#3 /home/max/public_html/o-kompas/framework/base/CApplication.php(180): CWebApplication->processRequest()
#4 /home/max/public_html/o-kompas/index.php(13): CApplication->run()
#5 {main}
REQUEST_URI=/index.php/events/img/favicons/favicon.ico
---
2014/10/01 21:11:12 [error] [exception.CHttpException.404] exception 'CHttpException' with message 'Невозможно обработать запрос "img/favicons/favicon.ico".' in /home/max/public_html/o-kompas/framework/web/CWebApplication.php:286
Stack trace:
#0 /home/max/public_html/o-kompas/framework/web/CWebApplication.php(141): CWebApplication->runController('img/favicons/fa...')
#1 /home/max/public_html/o-kompas/framework/base/CApplication.php(180): CWebApplication->processRequest()
#2 /home/max/public_html/o-kompas/index.php(13): CApplication->run()
#3 {main}
REQUEST_URI=/index.php/img/favicons/favicon.ico
---
2014/10/01 21:11:12 [error] [exception.CHttpException.404] exception 'CHttpException' with message 'Невозможно обработать запрос "img/favicons/favicon.ico".' in /home/max/public_html/o-kompas/framework/web/CWebApplication.php:286
Stack trace:
#0 /home/max/public_html/o-kompas/framework/web/CWebApplication.php(141): CWebApplication->runController('img/favicons/fa...')
#1 /home/max/public_html/o-kompas/framework/base/CApplication.php(180): CWebApplication->processRequest()
#2 /home/max/public_html/o-kompas/index.php(13): CApplication->run()
#3 {main}
REQUEST_URI=/index.php/img/favicons/favicon.ico
---
2014/10/01 21:11:15 [error] [exception.CHttpException.404] exception 'CHttpException' with message 'Системе не удалось найти запрашиваемое действие "img".' in /home/max/public_html/o-kompas/framework/web/CController.php:483
Stack trace:
#0 /home/max/public_html/o-kompas/framework/web/CController.php(270): CController->missingAction('img')
#1 /home/max/public_html/o-kompas/framework/web/CWebApplication.php(282): CController->run('img')
#2 /home/max/public_html/o-kompas/framework/web/CWebApplication.php(141): CWebApplication->runController('admin/user/img/...')
#3 /home/max/public_html/o-kompas/framework/base/CApplication.php(180): CWebApplication->processRequest()
#4 /home/max/public_html/o-kompas/index.php(13): CApplication->run()
#5 {main}
REQUEST_URI=/index.php/admin/user/img/favicons/favicon.ico
---
2014/10/01 21:11:26 [error] [exception.CHttpException.404] exception 'CHttpException' with message 'Системе не удалось найти запрашиваемое действие "img".' in /home/max/public_html/o-kompas/framework/web/CController.php:483
Stack trace:
#0 /home/max/public_html/o-kompas/framework/web/CController.php(270): CController->missingAction('img')
#1 /home/max/public_html/o-kompas/framework/web/CWebApplication.php(282): CController->run('img')
#2 /home/max/public_html/o-kompas/framework/web/CWebApplication.php(141): CWebApplication->runController('admin/comments/...')
#3 /home/max/public_html/o-kompas/framework/base/CApplication.php(180): CWebApplication->processRequest()
#4 /home/max/public_html/o-kompas/index.php(13): CApplication->run()
#5 {main}
REQUEST_URI=/index.php/admin/comments/img/favicons/favicon.ico
---
2014/10/01 21:11:44 [error] [exception.CHttpException.404] exception 'CHttpException' with message 'Системе не удалось найти запрашиваемое действие "img".' in /home/max/public_html/o-kompas/framework/web/CController.php:483
Stack trace:
#0 /home/max/public_html/o-kompas/framework/web/CController.php(270): CController->missingAction('img')
#1 /home/max/public_html/o-kompas/framework/web/CWebApplication.php(282): CController->run('img')
#2 /home/max/public_html/o-kompas/framework/web/CWebApplication.php(141): CWebApplication->runController('admin/competiti...')
#3 /home/max/public_html/o-kompas/framework/base/CApplication.php(180): CWebApplication->processRequest()
#4 /home/max/public_html/o-kompas/index.php(13): CApplication->run()
#5 {main}
REQUEST_URI=/index.php/admin/competition/img/favicons/favicon.ico
---
2014/10/01 21:11:51 [error] [exception.CHttpException.404] exception 'CHttpException' with message 'Системе не удалось найти запрашиваемое действие "img".' in /home/max/public_html/o-kompas/framework/web/CController.php:483
Stack trace:
#0 /home/max/public_html/o-kompas/framework/web/CController.php(270): CController->missingAction('img')
#1 /home/max/public_html/o-kompas/framework/web/CWebApplication.php(282): CController->run('img')
#2 /home/max/public_html/o-kompas/framework/web/CWebApplication.php(141): CWebApplication->runController('admin/sliders/i...')
#3 /home/max/public_html/o-kompas/framework/base/CApplication.php(180): CWebApplication->processRequest()
#4 /home/max/public_html/o-kompas/index.php(13): CApplication->run()
#5 {main}
REQUEST_URI=/index.php/admin/sliders/img/favicons/favicon.ico
---
2014/10/01 22:42:30 [error] [exception.CHttpException.404] exception 'CHttpException' with message 'Системе не удалось найти запрашиваемое действие "favicon.ico".' in /home/max/public_html/o-kompas/framework/web/CController.php:483
Stack trace:
#0 /home/max/public_html/o-kompas/framework/web/CController.php(270): CController->missingAction('favicon.ico')
#1 /home/max/public_html/o-kompas/framework/web/CWebApplication.php(282): CController->run('favicon.ico')
#2 /home/max/public_html/o-kompas/framework/web/CWebApplication.php(141): CWebApplication->runController('competition/fav...')
#3 /home/max/public_html/o-kompas/framework/base/CApplication.php(180): CWebApplication->processRequest()
#4 /home/max/public_html/o-kompas/index.php(13): CApplication->run()
#5 {main}
REQUEST_URI=/index.php/competition/favicon.ico
---
2014/10/01 22:42:30 [error] [exception.CHttpException.404] exception 'CHttpException' with message 'Системе не удалось найти запрашиваемое действие "img".' in /home/max/public_html/o-kompas/framework/web/CController.php:483
Stack trace:
#0 /home/max/public_html/o-kompas/framework/web/CController.php(270): CController->missingAction('img')
#1 /home/max/public_html/o-kompas/framework/web/CWebApplication.php(282): CController->run('img')
#2 /home/max/public_html/o-kompas/framework/web/CWebApplication.php(141): CWebApplication->runController('competition/img...')
#3 /home/max/public_html/o-kompas/framework/base/CApplication.php(180): CWebApplication->processRequest()
#4 /home/max/public_html/o-kompas/index.php(13): CApplication->run()
#5 {main}
REQUEST_URI=/index.php/competition/img/favicons/favicon.ico
---
2014/10/02 10:14:37 [error] [exception.CHttpException.404] exception 'CHttpException' with message 'У вас нет прав для входа в адменистрирование сайта! Обратитесь к администратору.' in /home/max/public_html/o-kompas/protected/modules/admin/components/AdminController.php:23
Stack trace:
#0 /home/max/public_html/o-kompas/framework/web/CWebApplication.php(359): AdminController->__construct('competition', Object(AdminModule))
#1 /home/max/public_html/o-kompas/framework/web/CWebApplication.php(338): CWebApplication->createController('competition/img...', Object(AdminModule))
#2 /home/max/public_html/o-kompas/framework/web/CWebApplication.php(276): CWebApplication->createController('admin/competiti...')
#3 /home/max/public_html/o-kompas/framework/web/CWebApplication.php(141): CWebApplication->runController('admin/competiti...')
#4 /home/max/public_html/o-kompas/framework/base/CApplication.php(180): CWebApplication->processRequest()
#5 /home/max/public_html/o-kompas/index.php(13): CApplication->run()
#6 {main}
REQUEST_URI=/index.php/admin/competition/img/favicons/favicon.ico
---
2014/10/02 10:14:41 [error] [exception.CHttpException.404] exception 'CHttpException' with message 'У вас нет прав для входа в адменистрирование сайта! Обратитесь к администратору.' in /home/max/public_html/o-kompas/protected/modules/admin/components/AdminController.php:23
Stack trace:
#0 /home/max/public_html/o-kompas/framework/web/CWebApplication.php(359): AdminController->__construct('competition', Object(AdminModule))
#1 /home/max/public_html/o-kompas/framework/web/CWebApplication.php(338): CWebApplication->createController('competition/img...', Object(AdminModule))
#2 /home/max/public_html/o-kompas/framework/web/CWebApplication.php(276): CWebApplication->createController('admin/competiti...')
#3 /home/max/public_html/o-kompas/framework/web/CWebApplication.php(141): CWebApplication->runController('admin/competiti...')
#4 /home/max/public_html/o-kompas/framework/base/CApplication.php(180): CWebApplication->processRequest()
#5 /home/max/public_html/o-kompas/index.php(13): CApplication->run()
#6 {main}
REQUEST_URI=/index.php/admin/competition/img/favicons/favicon.ico
---
2014/10/02 10:22:00 [error] [exception.CHttpException.404] exception 'CHttpException' with message 'Системе не удалось найти запрашиваемое действие "img".' in /home/max/public_html/o-kompas/framework/web/CController.php:483
Stack trace:
#0 /home/max/public_html/o-kompas/framework/web/CController.php(270): CController->missingAction('img')
#1 /home/max/public_html/o-kompas/framework/web/CWebApplication.php(282): CController->run('img')
#2 /home/max/public_html/o-kompas/framework/web/CWebApplication.php(141): CWebApplication->runController('events/img/favi...')
#3 /home/max/public_html/o-kompas/framework/base/CApplication.php(180): CWebApplication->processRequest()
#4 /home/max/public_html/o-kompas/index.php(13): CApplication->run()
#5 {main}
REQUEST_URI=/index.php/events/img/favicons/favicon.ico
---
2014/10/02 10:22:00 [error] [exception.CHttpException.404] exception 'CHttpException' with message 'Системе не удалось найти запрашиваемое действие "favicon.ico".' in /home/max/public_html/o-kompas/framework/web/CController.php:483
Stack trace:
#0 /home/max/public_html/o-kompas/framework/web/CController.php(270): CController->missingAction('favicon.ico')
#1 /home/max/public_html/o-kompas/framework/web/CWebApplication.php(282): CController->run('favicon.ico')
#2 /home/max/public_html/o-kompas/framework/web/CWebApplication.php(141): CWebApplication->runController('events/favicon....')
#3 /home/max/public_html/o-kompas/framework/base/CApplication.php(180): CWebApplication->processRequest()
#4 /home/max/public_html/o-kompas/index.php(13): CApplication->run()
#5 {main}
REQUEST_URI=/index.php/events/favicon.ico
---
2014/10/02 10:22:06 [error] [exception.CHttpException.404] exception 'CHttpException' with message 'У вас нет прав для входа в адменистрирование сайта! Обратитесь к администратору.' in /home/max/public_html/o-kompas/protected/modules/admin/components/AdminController.php:23
Stack trace:
#0 /home/max/public_html/o-kompas/framework/web/CWebApplication.php(359): AdminController->__construct('competition', Object(AdminModule))
#1 /home/max/public_html/o-kompas/framework/web/CWebApplication.php(338): CWebApplication->createController('competition/ind...', Object(AdminModule))
#2 /home/max/public_html/o-kompas/framework/web/CWebApplication.php(276): CWebApplication->createController('admin/competiti...')
#3 /home/max/public_html/o-kompas/framework/web/CWebApplication.php(141): CWebApplication->runController('admin/competiti...')
#4 /home/max/public_html/o-kompas/framework/base/CApplication.php(180): CWebApplication->processRequest()
#5 /home/max/public_html/o-kompas/index.php(13): CApplication->run()
#6 {main}
REQUEST_URI=/index.php/admin/competition/index
HTTP_REFERER=http://o-kompas.com.local/index.php/admin/comments/index
---
2014/10/02 10:22:06 [error] [exception.CHttpException.404] exception 'CHttpException' with message 'У вас нет прав для входа в адменистрирование сайта! Обратитесь к администратору.' in /home/max/public_html/o-kompas/protected/modules/admin/components/AdminController.php:23
Stack trace:
#0 /home/max/public_html/o-kompas/framework/web/CWebApplication.php(359): AdminController->__construct('competition', Object(AdminModule))
#1 /home/max/public_html/o-kompas/framework/web/CWebApplication.php(338): CWebApplication->createController('competition/fav...', Object(AdminModule))
#2 /home/max/public_html/o-kompas/framework/web/CWebApplication.php(276): CWebApplication->createController('admin/competiti...')
#3 /home/max/public_html/o-kompas/framework/web/CWebApplication.php(141): CWebApplication->runController('admin/competiti...')
#4 /home/max/public_html/o-kompas/framework/base/CApplication.php(180): CWebApplication->processRequest()
#5 /home/max/public_html/o-kompas/index.php(13): CApplication->run()
#6 {main}
REQUEST_URI=/index.php/admin/competition/favicon.ico
---
2014/10/02 19:27:22 [error] [exception.CHttpException.404] exception 'CHttpException' with message 'Системе не удалось найти запрашиваемое действие "img".' in /home/max/public_html/o-kompas/framework/web/CController.php:483
Stack trace:
#0 /home/max/public_html/o-kompas/framework/web/CController.php(270): CController->missingAction('img')
#1 /home/max/public_html/o-kompas/framework/web/CWebApplication.php(282): CController->run('img')
#2 /home/max/public_html/o-kompas/framework/web/CWebApplication.php(141): CWebApplication->runController('events/img/favi...')
#3 /home/max/public_html/o-kompas/framework/base/CApplication.php(180): CWebApplication->processRequest()
#4 /home/max/public_html/o-kompas/index.php(13): CApplication->run()
#5 {main}
REQUEST_URI=/index.php/events/img/favicons/favicon.ico
---
2014/10/02 19:27:23 [error] [exception.CHttpException.404] exception 'CHttpException' with message 'Системе не удалось найти запрашиваемое действие "img".' in /home/max/public_html/o-kompas/framework/web/CController.php:483
Stack trace:
#0 /home/max/public_html/o-kompas/framework/web/CController.php(270): CController->missingAction('img')
#1 /home/max/public_html/o-kompas/framework/web/CWebApplication.php(282): CController->run('img')
#2 /home/max/public_html/o-kompas/framework/web/CWebApplication.php(141): CWebApplication->runController('events/img/favi...')
#3 /home/max/public_html/o-kompas/framework/base/CApplication.php(180): CWebApplication->processRequest()
#4 /home/max/public_html/o-kompas/index.php(13): CApplication->run()
#5 {main}
REQUEST_URI=/index.php/events/img/favicons/favicon.ico
---
2014/10/02 19:44:52 [error] [exception.CHttpException.404] exception 'CHttpException' with message 'Системе не удалось найти запрашиваемое действие "img".' in /home/max/public_html/o-kompas/framework/web/CController.php:483
Stack trace:
#0 /home/max/public_html/o-kompas/framework/web/CController.php(270): CController->missingAction('img')
#1 /home/max/public_html/o-kompas/framework/web/CWebApplication.php(282): CController->run('img')
#2 /home/max/public_html/o-kompas/framework/web/CWebApplication.php(141): CWebApplication->runController('events/img/favi...')
#3 /home/max/public_html/o-kompas/framework/base/CApplication.php(180): CWebApplication->processRequest()
#4 /home/max/public_html/o-kompas/index.php(13): CApplication->run()
#5 {main}
REQUEST_URI=/index.php/events/img/favicons/favicon.ico
---
2014/10/02 19:44:55 [error] [exception.CHttpException.404] exception 'CHttpException' with message 'Системе не удалось найти запрашиваемое действие "img".' in /home/max/public_html/o-kompas/framework/web/CController.php:483
Stack trace:
#0 /home/max/public_html/o-kompas/framework/web/CController.php(270): CController->missingAction('img')
#1 /home/max/public_html/o-kompas/framework/web/CWebApplication.php(282): CController->run('img')
#2 /home/max/public_html/o-kompas/framework/web/CWebApplication.php(141): CWebApplication->runController('events/img/favi...')
#3 /home/max/public_html/o-kompas/framework/base/CApplication.php(180): CWebApplication->processRequest()
#4 /home/max/public_html/o-kompas/index.php(13): CApplication->run()
#5 {main}
REQUEST_URI=/index.php/events/img/favicons/favicon.ico
---
2014/10/02 20:33:16 [error] [exception.CHttpException.404] exception 'CHttpException' with message 'У вас нет прав для входа в адменистрирование сайта! Обратитесь к администратору.' in /home/max/public_html/o-kompas/protected/modules/admin/components/AdminController.php:23
Stack trace:
#0 /home/max/public_html/o-kompas/framework/web/CWebApplication.php(359): AdminController->__construct('competition', Object(AdminModule))
#1 /home/max/public_html/o-kompas/framework/web/CWebApplication.php(338): CWebApplication->createController('competition/upd...', Object(AdminModule))
#2 /home/max/public_html/o-kompas/framework/web/CWebApplication.php(276): CWebApplication->createController('admin/competiti...')
#3 /home/max/public_html/o-kompas/framework/web/CWebApplication.php(141): CWebApplication->runController('admin/competiti...')
#4 /home/max/public_html/o-kompas/framework/base/CApplication.php(180): CWebApplication->processRequest()
#5 /home/max/public_html/o-kompas/index.php(13): CApplication->run()
#6 {main}
REQUEST_URI=/index.php/admin/competition/update/id/5
---
2014/10/02 20:33:17 [error] [exception.CHttpException.404] exception 'CHttpException' with message 'У вас нет прав для входа в адменистрирование сайта! Обратитесь к администратору.' in /home/max/public_html/o-kompas/protected/modules/admin/components/AdminController.php:23
Stack trace:
#0 /home/max/public_html/o-kompas/framework/web/CWebApplication.php(359): AdminController->__construct('competition', Object(AdminModule))
#1 /home/max/public_html/o-kompas/framework/web/CWebApplication.php(338): CWebApplication->createController('competition/upd...', Object(AdminModule))
#2 /home/max/public_html/o-kompas/framework/web/CWebApplication.php(276): CWebApplication->createController('admin/competiti...')
#3 /home/max/public_html/o-kompas/framework/web/CWebApplication.php(141): CWebApplication->runController('admin/competiti...')
#4 /home/max/public_html/o-kompas/framework/base/CApplication.php(180): CWebApplication->processRequest()
#5 /home/max/public_html/o-kompas/index.php(13): CApplication->run()
#6 {main}
REQUEST_URI=/index.php/admin/competition/update/id/favicon.ico
---
2014/10/02 20:33:17 [error] [exception.CHttpException.404] exception 'CHttpException' with message 'У вас нет прав для входа в адменистрирование сайта! Обратитесь к администратору.' in /home/max/public_html/o-kompas/protected/modules/admin/components/AdminController.php:23
Stack trace:
#0 /home/max/public_html/o-kompas/framework/web/CWebApplication.php(359): AdminController->__construct('competition', Object(AdminModule))
#1 /home/max/public_html/o-kompas/framework/web/CWebApplication.php(338): CWebApplication->createController('competition/upd...', Object(AdminModule))
#2 /home/max/public_html/o-kompas/framework/web/CWebApplication.php(276): CWebApplication->createController('admin/competiti...')
#3 /home/max/public_html/o-kompas/framework/web/CWebApplication.php(141): CWebApplication->runController('admin/competiti...')
#4 /home/max/public_html/o-kompas/framework/base/CApplication.php(180): CWebApplication->processRequest()
#5 /home/max/public_html/o-kompas/index.php(13): CApplication->run()
#6 {main}
REQUEST_URI=/index.php/admin/competition/update/id/img/favicons/favicon.ico
---
2014/10/02 20:33:20 [error] [exception.CHttpException.404] exception 'CHttpException' with message 'Системе не удалось найти запрашиваемое действие "img".' in /home/max/public_html/o-kompas/framework/web/CController.php:483
Stack trace:
#0 /home/max/public_html/o-kompas/framework/web/CController.php(270): CController->missingAction('img')
#1 /home/max/public_html/o-kompas/framework/web/CWebApplication.php(282): CController->run('img')
#2 /home/max/public_html/o-kompas/framework/web/CWebApplication.php(141): CWebApplication->runController('site/img/favico...')
#3 /home/max/public_html/o-kompas/framework/base/CApplication.php(180): CWebApplication->processRequest()
#4 /home/max/public_html/o-kompas/index.php(13): CApplication->run()
#5 {main}
REQUEST_URI=/index.php/site/img/favicons/favicon.ico
---
2014/10/02 20:33:20 [error] [exception.CHttpException.404] exception 'CHttpException' with message 'Системе не удалось найти запрашиваемое действие "favicon.ico".' in /home/max/public_html/o-kompas/framework/web/CController.php:483
Stack trace:
#0 /home/max/public_html/o-kompas/framework/web/CController.php(270): CController->missingAction('favicon.ico')
#1 /home/max/public_html/o-kompas/framework/web/CWebApplication.php(282): CController->run('favicon.ico')
#2 /home/max/public_html/o-kompas/framework/web/CWebApplication.php(141): CWebApplication->runController('site/favicon.ic...')
#3 /home/max/public_html/o-kompas/framework/base/CApplication.php(180): CWebApplication->processRequest()
#4 /home/max/public_html/o-kompas/index.php(13): CApplication->run()
#5 {main}
REQUEST_URI=/index.php/site/favicon.ico
---
2014/10/02 20:36:04 [error] [exception.CHttpException.404] exception 'CHttpException' with message 'Системе не удалось найти запрашиваемое действие "favicon.ico".' in /home/max/public_html/o-kompas/framework/web/CController.php:483
Stack trace:
#0 /home/max/public_html/o-kompas/framework/web/CController.php(270): CController->missingAction('favicon.ico')
#1 /home/max/public_html/o-kompas/framework/web/CWebApplication.php(282): CController->run('favicon.ico')
#2 /home/max/public_html/o-kompas/framework/web/CWebApplication.php(141): CWebApplication->runController('competition/fav...')
#3 /home/max/public_html/o-kompas/framework/base/CApplication.php(180): CWebApplication->processRequest()
#4 /home/max/public_html/o-kompas/index.php(13): CApplication->run()
#5 {main}
REQUEST_URI=/index.php/competition/favicon.ico
---
2014/10/02 20:36:04 [error] [exception.CHttpException.404] exception 'CHttpException' with message 'Системе не удалось найти запрашиваемое действие "img".' in /home/max/public_html/o-kompas/framework/web/CController.php:483
Stack trace:
#0 /home/max/public_html/o-kompas/framework/web/CController.php(270): CController->missingAction('img')
#1 /home/max/public_html/o-kompas/framework/web/CWebApplication.php(282): CController->run('img')
#2 /home/max/public_html/o-kompas/framework/web/CWebApplication.php(141): CWebApplication->runController('competition/img...')
#3 /home/max/public_html/o-kompas/framework/base/CApplication.php(180): CWebApplication->processRequest()
#4 /home/max/public_html/o-kompas/index.php(13): CApplication->run()
#5 {main}
REQUEST_URI=/index.php/competition/img/favicons/favicon.ico
---
2014/10/02 20:36:08 [error] [exception.CHttpException.404] exception 'CHttpException' with message 'Системе не удалось найти запрашиваемое действие "favicon.ico".' in /home/max/public_html/o-kompas/framework/web/CController.php:483
Stack trace:
#0 /home/max/public_html/o-kompas/framework/web/CController.php(270): CController->missingAction('favicon.ico')
#1 /home/max/public_html/o-kompas/framework/web/CWebApplication.php(282): CController->run('favicon.ico')
#2 /home/max/public_html/o-kompas/framework/web/CWebApplication.php(141): CWebApplication->runController('events/favicon....')
#3 /home/max/public_html/o-kompas/framework/base/CApplication.php(180): CWebApplication->processRequest()
#4 /home/max/public_html/o-kompas/index.php(13): CApplication->run()
#5 {main}
REQUEST_URI=/index.php/events/favicon.ico
---
2014/10/03 08:18:54 [error] [exception.CHttpException.404] exception 'CHttpException' with message 'Системе не удалось найти запрашиваемое действие "img".' in /home/max/public_html/o-kompas/framework/web/CController.php:483
Stack trace:
#0 /home/max/public_html/o-kompas/framework/web/CController.php(270): CController->missingAction('img')
#1 /home/max/public_html/o-kompas/framework/web/CWebApplication.php(282): CController->run('img')
#2 /home/max/public_html/o-kompas/framework/web/CWebApplication.php(141): CWebApplication->runController('events/img/favi...')
#3 /home/max/public_html/o-kompas/framework/base/CApplication.php(180): CWebApplication->processRequest()
#4 /home/max/public_html/o-kompas/index.php(13): CApplication->run()
#5 {main}
REQUEST_URI=/index.php/events/img/favicons/favicon.ico
---
2014/10/03 08:18:56 [error] [exception.CHttpException.404] exception 'CHttpException' with message 'Системе не удалось найти запрашиваемое действие "img".' in /home/max/public_html/o-kompas/framework/web/CController.php:483
Stack trace:
#0 /home/max/public_html/o-kompas/framework/web/CController.php(270): CController->missingAction('img')
#1 /home/max/public_html/o-kompas/framework/web/CWebApplication.php(282): CController->run('img')
#2 /home/max/public_html/o-kompas/framework/web/CWebApplication.php(141): CWebApplication->runController('events/img/favi...')
#3 /home/max/public_html/o-kompas/framework/base/CApplication.php(180): CWebApplication->processRequest()
#4 /home/max/public_html/o-kompas/index.php(13): CApplication->run()
#5 {main}
REQUEST_URI=/index.php/events/img/favicons/favicon.ico
---
2014/10/03 08:18:57 [error] [exception.CHttpException.404] exception 'CHttpException' with message 'Системе не удалось найти запрашиваемое действие "favicon.ico".' in /home/max/public_html/o-kompas/framework/web/CController.php:483
Stack trace:
#0 /home/max/public_html/o-kompas/framework/web/CController.php(270): CController->missingAction('favicon.ico')
#1 /home/max/public_html/o-kompas/framework/web/CWebApplication.php(282): CController->run('favicon.ico')
#2 /home/max/public_html/o-kompas/framework/web/CWebApplication.php(141): CWebApplication->runController('site/favicon.ic...')
#3 /home/max/public_html/o-kompas/framework/base/CApplication.php(180): CWebApplication->processRequest()
#4 /home/max/public_html/o-kompas/index.php(13): CApplication->run()
#5 {main}
REQUEST_URI=/index.php/site/favicon.ico
---
2014/10/03 08:18:57 [error] [exception.CHttpException.404] exception 'CHttpException' with message 'Системе не удалось найти запрашиваемое действие "img".' in /home/max/public_html/o-kompas/framework/web/CController.php:483
Stack trace:
#0 /home/max/public_html/o-kompas/framework/web/CController.php(270): CController->missingAction('img')
#1 /home/max/public_html/o-kompas/framework/web/CWebApplication.php(282): CController->run('img')
#2 /home/max/public_html/o-kompas/framework/web/CWebApplication.php(141): CWebApplication->runController('site/img/favico...')
#3 /home/max/public_html/o-kompas/framework/base/CApplication.php(180): CWebApplication->processRequest()
#4 /home/max/public_html/o-kompas/index.php(13): CApplication->run()
#5 {main}
REQUEST_URI=/index.php/site/img/favicons/favicon.ico
---
2014/10/03 08:24:46 [error] [exception.CHttpException.404] exception 'CHttpException' with message 'Системе не удалось найти запрашиваемое действие "favicon.ico".' in /home/max/public_html/o-kompas/framework/web/CController.php:483
Stack trace:
#0 /home/max/public_html/o-kompas/framework/web/CController.php(270): CController->missingAction('favicon.ico')
#1 /home/max/public_html/o-kompas/framework/web/CWebApplication.php(282): CController->run('favicon.ico')
#2 /home/max/public_html/o-kompas/framework/web/CWebApplication.php(141): CWebApplication->runController('events/favicon....')
#3 /home/max/public_html/o-kompas/framework/base/CApplication.php(180): CWebApplication->processRequest()
#4 /home/max/public_html/o-kompas/index.php(13): CApplication->run()
#5 {main}
REQUEST_URI=/index.php/events/favicon.ico
---
2014/10/03 09:00:49 [error] [exception.CHttpException.404] exception 'CHttpException' with message 'У вас нет прав для входа в адменистрирование сайта! Обратитесь к администратору.' in /home/max/public_html/o-kompas/protected/modules/admin/components/AdminController.php:23
Stack trace:
#0 /home/max/public_html/o-kompas/framework/web/CWebApplication.php(359): AdminController->__construct('sliders', Object(AdminModule))
#1 /home/max/public_html/o-kompas/framework/web/CWebApplication.php(338): CWebApplication->createController('sliders/index/', Object(AdminModule))
#2 /home/max/public_html/o-kompas/framework/web/CWebApplication.php(276): CWebApplication->createController('admin/sliders/i...')
#3 /home/max/public_html/o-kompas/framework/web/CWebApplication.php(141): CWebApplication->runController('admin/sliders/i...')
#4 /home/max/public_html/o-kompas/framework/base/CApplication.php(180): CWebApplication->processRequest()
#5 /home/max/public_html/o-kompas/index.php(13): CApplication->run()
#6 {main}
REQUEST_URI=/index.php/admin/sliders/index
---
2014/10/04 15:10:37 [error] [exception.CHttpException.404] exception 'CHttpException' with message 'Системе не удалось найти запрашиваемое действие "img".' in /home/max/public_html/o-kompas/framework/web/CController.php:483
Stack trace:
#0 /home/max/public_html/o-kompas/framework/web/CController.php(270): CController->missingAction('img')
#1 /home/max/public_html/o-kompas/framework/web/CWebApplication.php(282): CController->run('img')
#2 /home/max/public_html/o-kompas/framework/web/CWebApplication.php(141): CWebApplication->runController('site/img/favico...')
#3 /home/max/public_html/o-kompas/framework/base/CApplication.php(180): CWebApplication->processRequest()
#4 /home/max/public_html/o-kompas/index.php(13): CApplication->run()
#5 {main}
REQUEST_URI=/index.php/site/img/favicons/favicon.ico
---
2014/10/04 15:10:37 [error] [exception.CHttpException.404] exception 'CHttpException' with message 'Системе не удалось найти запрашиваемое действие "favicon.ico".' in /home/max/public_html/o-kompas/framework/web/CController.php:483
Stack trace:
#0 /home/max/public_html/o-kompas/framework/web/CController.php(270): CController->missingAction('favicon.ico')
#1 /home/max/public_html/o-kompas/framework/web/CWebApplication.php(282): CController->run('favicon.ico')
#2 /home/max/public_html/o-kompas/framework/web/CWebApplication.php(141): CWebApplication->runController('site/favicon.ic...')
#3 /home/max/public_html/o-kompas/framework/base/CApplication.php(180): CWebApplication->processRequest()
#4 /home/max/public_html/o-kompas/index.php(13): CApplication->run()
#5 {main}
REQUEST_URI=/index.php/site/favicon.ico
---
2014/10/04 15:10:46 [error] [exception.CHttpException.404] exception 'CHttpException' with message 'Системе не удалось найти запрашиваемое действие "favicon.ico".' in /home/max/public_html/o-kompas/framework/web/CController.php:483
Stack trace:
#0 /home/max/public_html/o-kompas/framework/web/CController.php(270): CController->missingAction('favicon.ico')
#1 /home/max/public_html/o-kompas/framework/web/CWebApplication.php(282): CController->run('favicon.ico')
#2 /home/max/public_html/o-kompas/framework/web/CWebApplication.php(141): CWebApplication->runController('events/favicon....')
#3 /home/max/public_html/o-kompas/framework/base/CApplication.php(180): CWebApplication->processRequest()
#4 /home/max/public_html/o-kompas/index.php(13): CApplication->run()
#5 {main}
REQUEST_URI=/index.php/events/favicon.ico
---
2014/10/04 15:10:46 [error] [exception.CHttpException.404] exception 'CHttpException' with message 'Системе не удалось найти запрашиваемое действие "img".' in /home/max/public_html/o-kompas/framework/web/CController.php:483
Stack trace:
#0 /home/max/public_html/o-kompas/framework/web/CController.php(270): CController->missingAction('img')
#1 /home/max/public_html/o-kompas/framework/web/CWebApplication.php(282): CController->run('img')
#2 /home/max/public_html/o-kompas/framework/web/CWebApplication.php(141): CWebApplication->runController('events/img/favi...')
#3 /home/max/public_html/o-kompas/framework/base/CApplication.php(180): CWebApplication->processRequest()
#4 /home/max/public_html/o-kompas/index.php(13): CApplication->run()
#5 {main}
REQUEST_URI=/index.php/events/img/favicons/favicon.ico
---
2014/10/04 15:11:28 [error] [exception.CHttpException.404] exception 'CHttpException' with message 'Системе не удалось найти запрашиваемое действие "img".' in /home/max/public_html/o-kompas/framework/web/CController.php:483
Stack trace:
#0 /home/max/public_html/o-kompas/framework/web/CController.php(270): CController->missingAction('img')
#1 /home/max/public_html/o-kompas/framework/web/CWebApplication.php(282): CController->run('img')
#2 /home/max/public_html/o-kompas/framework/web/CWebApplication.php(141): CWebApplication->runController('competition/img...')
#3 /home/max/public_html/o-kompas/framework/base/CApplication.php(180): CWebApplication->processRequest()
#4 /home/max/public_html/o-kompas/index.php(13): CApplication->run()
#5 {main}
REQUEST_URI=/index.php/competition/img/favicons/favicon.ico
---
2014/10/04 15:11:28 [error] [exception.CHttpException.404] exception 'CHttpException' with message 'Системе не удалось найти запрашиваемое действие "favicon.ico".' in /home/max/public_html/o-kompas/framework/web/CController.php:483
Stack trace:
#0 /home/max/public_html/o-kompas/framework/web/CController.php(270): CController->missingAction('favicon.ico')
#1 /home/max/public_html/o-kompas/framework/web/CWebApplication.php(282): CController->run('favicon.ico')
#2 /home/max/public_html/o-kompas/framework/web/CWebApplication.php(141): CWebApplication->runController('competition/fav...')
#3 /home/max/public_html/o-kompas/framework/base/CApplication.php(180): CWebApplication->processRequest()
#4 /home/max/public_html/o-kompas/index.php(13): CApplication->run()
#5 {main}
REQUEST_URI=/index.php/competition/favicon.ico
---
2014/10/04 15:11:51 [error] [exception.CHttpException.404] exception 'CHttpException' with message 'Невозможно обработать запрос "img/favicons/favicon.ico".' in /home/max/public_html/o-kompas/framework/web/CWebApplication.php:286
Stack trace:
#0 /home/max/public_html/o-kompas/framework/web/CWebApplication.php(141): CWebApplication->runController('img/favicons/fa...')
#1 /home/max/public_html/o-kompas/framework/base/CApplication.php(180): CWebApplication->processRequest()
#2 /home/max/public_html/o-kompas/index.php(13): CApplication->run()
#3 {main}
REQUEST_URI=/index.php/img/favicons/favicon.ico
---
2014/10/04 15:11:54 [error] [exception.CHttpException.404] exception 'CHttpException' with message 'Системе не удалось найти запрашиваемое действие "img".' in /home/max/public_html/o-kompas/framework/web/CController.php:483
Stack trace:
#0 /home/max/public_html/o-kompas/framework/web/CController.php(270): CController->missingAction('img')
#1 /home/max/public_html/o-kompas/framework/web/CWebApplication.php(282): CController->run('img')
#2 /home/max/public_html/o-kompas/framework/web/CWebApplication.php(141): CWebApplication->runController('admin/competiti...')
#3 /home/max/public_html/o-kompas/framework/base/CApplication.php(180): CWebApplication->processRequest()
#4 /home/max/public_html/o-kompas/index.php(13): CApplication->run()
#5 {main}
REQUEST_URI=/index.php/admin/competition/img/favicons/favicon.ico
---
2014/10/04 15:11:59 [error] [exception.CHttpException.404] exception 'CHttpException' with message 'Системе не удалось найти запрашиваемое действие "img".' in /home/max/public_html/o-kompas/framework/web/CController.php:483
Stack trace:
#0 /home/max/public_html/o-kompas/framework/web/CController.php(270): CController->missingAction('img')
#1 /home/max/public_html/o-kompas/framework/web/CWebApplication.php(282): CController->run('img')
#2 /home/max/public_html/o-kompas/framework/web/CWebApplication.php(141): CWebApplication->runController('admin/comments/...')
#3 /home/max/public_html/o-kompas/framework/base/CApplication.php(180): CWebApplication->processRequest()
#4 /home/max/public_html/o-kompas/index.php(13): CApplication->run()
#5 {main}
REQUEST_URI=/index.php/admin/comments/img/favicons/favicon.ico
---
2014/10/04 15:12:05 [error] [exception.CHttpException.404] exception 'CHttpException' with message 'Системе не удалось найти запрашиваемое действие "img".' in /home/max/public_html/o-kompas/framework/web/CController.php:483
Stack trace:
#0 /home/max/public_html/o-kompas/framework/web/CController.php(270): CController->missingAction('img')
#1 /home/max/public_html/o-kompas/framework/web/CWebApplication.php(282): CController->run('img')
#2 /home/max/public_html/o-kompas/framework/web/CWebApplication.php(141): CWebApplication->runController('admin/competiti...')
#3 /home/max/public_html/o-kompas/framework/base/CApplication.php(180): CWebApplication->processRequest()
#4 /home/max/public_html/o-kompas/index.php(13): CApplication->run()
#5 {main}
REQUEST_URI=/index.php/admin/competitionRequest/img/favicons/favicon.ico
---
2014/10/04 15:12:11 [error] [exception.CHttpException.404] exception 'CHttpException' with message 'The requested page does not exist.' in /home/max/public_html/o-kompas/protected/modules/admin/controllers/CompetitionRequestController.php:127
Stack trace:
#0 /home/max/public_html/o-kompas/protected/modules/admin/controllers/CompetitionRequestController.php(42): CompetitionRequestController->loadModel('img')
#1 [internal function]: CompetitionRequestController->actionUpdate('img')
#2 /home/max/public_html/o-kompas/framework/web/actions/CAction.php(108): ReflectionMethod->invokeArgs(Object(CompetitionRequestController), Array)
#3 /home/max/public_html/o-kompas/framework/web/actions/CInlineAction.php(47): CAction->runWithParamsInternal(Object(CompetitionRequestController), Object(ReflectionMethod), Array)
#4 /home/max/public_html/o-kompas/framework/web/CController.php(308): CInlineAction->runWithParams(Array)
#5 /home/max/public_html/o-kompas/framework/web/filters/CFilterChain.php(133): CController->runAction(Object(CInlineAction))
#6 /home/max/public_html/o-kompas/framework/web/filters/CFilter.php(40): CFilterChain->run()
#7 /home/max/public_html/o-kompas/framework/web/CController.php(1145): CFilter->filter(Object(CFilterChain))
#8 /home/max/public_html/o-kompas/framework/web/filters/CInlineFilter.php(58): CController->filterAccessControl(Object(CFilterChain))
#9 /home/max/public_html/o-kompas/framework/web/filters/CFilterChain.php(130): CInlineFilter->filter(Object(CFilterChain))
#10 /home/max/public_html/o-kompas/framework/web/CController.php(291): CFilterChain->run()
#11 /home/max/public_html/o-kompas/framework/web/CController.php(265): CController->runActionWithFilters(Object(CInlineAction), Array)
#12 /home/max/public_html/o-kompas/framework/web/CWebApplication.php(282): CController->run('update')
#13 /home/max/public_html/o-kompas/framework/web/CWebApplication.php(141): CWebApplication->runController('admin/competiti...')
#14 /home/max/public_html/o-kompas/framework/base/CApplication.php(180): CWebApplication->processRequest()
#15 /home/max/public_html/o-kompas/index.php(13): CApplication->run()
#16 {main}
REQUEST_URI=/index.php/admin/competitionRequest/update/id/img/favicons/favicon.ico
---
2014/10/04 15:12:11 [error] [exception.CHttpException.404] exception 'CHttpException' with message 'The requested page does not exist.' in /home/max/public_html/o-kompas/protected/modules/admin/controllers/CompetitionRequestController.php:127
Stack trace:
#0 /home/max/public_html/o-kompas/protected/modules/admin/controllers/CompetitionRequestController.php(42): CompetitionRequestController->loadModel('img')
#1 [internal function]: CompetitionRequestController->actionUpdate('img')
#2 /home/max/public_html/o-kompas/framework/web/actions/CAction.php(108): ReflectionMethod->invokeArgs(Object(CompetitionRequestController), Array)
#3 /home/max/public_html/o-kompas/framework/web/actions/CInlineAction.php(47): CAction->runWithParamsInternal(Object(CompetitionRequestController), Object(ReflectionMethod), Array)
#4 /home/max/public_html/o-kompas/framework/web/CController.php(308): CInlineAction->runWithParams(Array)
#5 /home/max/public_html/o-kompas/framework/web/filters/CFilterChain.php(133): CController->runAction(Object(CInlineAction))
#6 /home/max/public_html/o-kompas/framework/web/filters/CFilter.php(40): CFilterChain->run()
#7 /home/max/public_html/o-kompas/framework/web/CController.php(1145): CFilter->filter(Object(CFilterChain))
#8 /home/max/public_html/o-kompas/framework/web/filters/CInlineFilter.php(58): CController->filterAccessControl(Object(CFilterChain))
#9 /home/max/public_html/o-kompas/framework/web/filters/CFilterChain.php(130): CInlineFilter->filter(Object(CFilterChain))
#10 /home/max/public_html/o-kompas/framework/web/CController.php(291): CFilterChain->run()
#11 /home/max/public_html/o-kompas/framework/web/CController.php(265): CController->runActionWithFilters(Object(CInlineAction), Array)
#12 /home/max/public_html/o-kompas/framework/web/CWebApplication.php(282): CController->run('update')
#13 /home/max/public_html/o-kompas/framework/web/CWebApplication.php(141): CWebApplication->runController('admin/competiti...')
#14 /home/max/public_html/o-kompas/framework/base/CApplication.php(180): CWebApplication->processRequest()
#15 /home/max/public_html/o-kompas/index.php(13): CApplication->run()
#16 {main}
REQUEST_URI=/index.php/admin/competitionRequest/update/id/img/favicons/favicon.ico
---
2014/10/04 17:32:53 [error] [exception.CHttpException.404] exception 'CHttpException' with message 'У вас нет прав для входа в адменистрирование сайта! Обратитесь к администратору.' in /home/max/public_html/o-kompas/protected/modules/admin/components/AdminController.php:23
Stack trace:
#0 /home/max/public_html/o-kompas/framework/web/CWebApplication.php(359): AdminController->__construct('competitionRequ...', Object(AdminModule))
#1 /home/max/public_html/o-kompas/framework/web/CWebApplication.php(338): CWebApplication->createController('competitionRequ...', Object(AdminModule))
#2 /home/max/public_html/o-kompas/framework/web/CWebApplication.php(276): CWebApplication->createController('admin/competiti...')
#3 /home/max/public_html/o-kompas/framework/web/CWebApplication.php(141): CWebApplication->runController('admin/competiti...')
#4 /home/max/public_html/o-kompas/framework/base/CApplication.php(180): CWebApplication->processRequest()
#5 /home/max/public_html/o-kompas/index.php(13): CApplication->run()
#6 {main}
REQUEST_URI=/index.php/admin/competitionRequest/update/id/1
---
2014/10/04 17:32:54 [error] [exception.CHttpException.404] exception 'CHttpException' with message 'У вас нет прав для входа в адменистрирование сайта! Обратитесь к администратору.' in /home/max/public_html/o-kompas/protected/modules/admin/components/AdminController.php:23
Stack trace:
#0 /home/max/public_html/o-kompas/framework/web/CWebApplication.php(359): AdminController->__construct('competitionRequ...', Object(AdminModule))
#1 /home/max/public_html/o-kompas/framework/web/CWebApplication.php(338): CWebApplication->createController('competitionRequ...', Object(AdminModule))
#2 /home/max/public_html/o-kompas/framework/web/CWebApplication.php(276): CWebApplication->createController('admin/competiti...')
#3 /home/max/public_html/o-kompas/framework/web/CWebApplication.php(141): CWebApplication->runController('admin/competiti...')
#4 /home/max/public_html/o-kompas/framework/base/CApplication.php(180): CWebApplication->processRequest()
#5 /home/max/public_html/o-kompas/index.php(13): CApplication->run()
#6 {main}
REQUEST_URI=/index.php/admin/competitionRequest/update/id/favicon.ico
---
2014/10/04 17:37:12 [error] [exception.CHttpException.404] exception 'CHttpException' with message 'Системе не удалось найти запрашиваемое действие "img".' in /home/max/public_html/o-kompas/framework/web/CController.php:483
Stack trace:
#0 /home/max/public_html/o-kompas/framework/web/CController.php(270): CController->missingAction('img')
#1 /home/max/public_html/o-kompas/framework/web/CWebApplication.php(282): CController->run('img')
#2 /home/max/public_html/o-kompas/framework/web/CWebApplication.php(141): CWebApplication->runController('admin/sliders/i...')
#3 /home/max/public_html/o-kompas/framework/base/CApplication.php(180): CWebApplication->processRequest()
#4 /home/max/public_html/o-kompas/index.php(13): CApplication->run()
#5 {main}
REQUEST_URI=/index.php/admin/sliders/img/favicons/favicon.ico
---
2014/10/05 12:29:41 [error] [exception.CHttpException.404] exception 'CHttpException' with message 'У вас нет прав для входа в адменистрирование сайта! Обратитесь к администратору.' in /home/max/public_html/o-kompas/protected/modules/admin/components/AdminController.php:23
Stack trace:
#0 /home/max/public_html/o-kompas/framework/web/CWebApplication.php(359): AdminController->__construct('sliders', Object(AdminModule))
#1 /home/max/public_html/o-kompas/framework/web/CWebApplication.php(338): CWebApplication->createController('sliders/img/fav...', Object(AdminModule))
#2 /home/max/public_html/o-kompas/framework/web/CWebApplication.php(276): CWebApplication->createController('admin/sliders/i...')
#3 /home/max/public_html/o-kompas/framework/web/CWebApplication.php(141): CWebApplication->runController('admin/sliders/i...')
#4 /home/max/public_html/o-kompas/framework/base/CApplication.php(180): CWebApplication->processRequest()
#5 /home/max/public_html/o-kompas/index.php(13): CApplication->run()
#6 {main}
REQUEST_URI=/index.php/admin/sliders/img/favicons/favicon.ico
---
2014/10/05 12:29:43 [error] [exception.CHttpException.404] exception 'CHttpException' with message 'У вас нет прав для входа в адменистрирование сайта! Обратитесь к администратору.' in /home/max/public_html/o-kompas/protected/modules/admin/components/AdminController.php:23
Stack trace:
#0 /home/max/public_html/o-kompas/framework/web/CWebApplication.php(359): AdminController->__construct('sliders', Object(AdminModule))
#1 /home/max/public_html/o-kompas/framework/web/CWebApplication.php(338): CWebApplication->createController('sliders/img/fav...', Object(AdminModule))
#2 /home/max/public_html/o-kompas/framework/web/CWebApplication.php(276): CWebApplication->createController('admin/sliders/i...')
#3 /home/max/public_html/o-kompas/framework/web/CWebApplication.php(141): CWebApplication->runController('admin/sliders/i...')
#4 /home/max/public_html/o-kompas/framework/base/CApplication.php(180): CWebApplication->processRequest()
#5 /home/max/public_html/o-kompas/index.php(13): CApplication->run()
#6 {main}
REQUEST_URI=/index.php/admin/sliders/img/favicons/favicon.ico
---
2014/10/05 12:29:58 [error] [exception.CHttpException.404] exception 'CHttpException' with message 'У вас нет прав для входа в адменистрирование сайта! Обратитесь к администратору.' in /home/max/public_html/o-kompas/protected/modules/admin/components/AdminController.php:23
Stack trace:
#0 /home/max/public_html/o-kompas/framework/web/CWebApplication.php(359): AdminController->__construct('sliders', Object(AdminModule))
#1 /home/max/public_html/o-kompas/framework/web/CWebApplication.php(338): CWebApplication->createController('sliders/index/', Object(AdminModule))
#2 /home/max/public_html/o-kompas/framework/web/CWebApplication.php(276): CWebApplication->createController('admin/sliders/i...')
#3 /home/max/public_html/o-kompas/framework/web/CWebApplication.php(141): CWebApplication->runController('admin/sliders/i...')
#4 /home/max/public_html/o-kompas/framework/base/CApplication.php(180): CWebApplication->processRequest()
#5 /home/max/public_html/o-kompas/index.php(13): CApplication->run()
#6 {main}
REQUEST_URI=/index.php/admin/sliders/index
HTTP_REFERER=http://o-kompas.com.local/index.php/admin
---
2014/10/05 12:29:59 [error] [exception.CHttpException.404] exception 'CHttpException' with message 'У вас нет прав для входа в адменистрирование сайта! Обратитесь к администратору.' in /home/max/public_html/o-kompas/protected/modules/admin/components/AdminController.php:23
Stack trace:
#0 /home/max/public_html/o-kompas/framework/web/CWebApplication.php(359): AdminController->__construct('sliders', Object(AdminModule))
#1 /home/max/public_html/o-kompas/framework/web/CWebApplication.php(338): CWebApplication->createController('sliders/favicon...', Object(AdminModule))
#2 /home/max/public_html/o-kompas/framework/web/CWebApplication.php(276): CWebApplication->createController('admin/sliders/f...')
#3 /home/max/public_html/o-kompas/framework/web/CWebApplication.php(141): CWebApplication->runController('admin/sliders/f...')
#4 /home/max/public_html/o-kompas/framework/base/CApplication.php(180): CWebApplication->processRequest()
#5 /home/max/public_html/o-kompas/index.php(13): CApplication->run()
#6 {main}
REQUEST_URI=/index.php/admin/sliders/favicon.ico
---
2014/10/05 12:30:01 [error] [exception.CHttpException.404] exception 'CHttpException' with message 'Системе не удалось найти запрашиваемое действие "favicon.ico".' in /home/max/public_html/o-kompas/framework/web/CController.php:483
Stack trace:
#0 /home/max/public_html/o-kompas/framework/web/CController.php(270): CController->missingAction('favicon.ico')
#1 /home/max/public_html/o-kompas/framework/web/CWebApplication.php(282): CController->run('favicon.ico')
#2 /home/max/public_html/o-kompas/framework/web/CWebApplication.php(141): CWebApplication->runController('site/favicon.ic...')
#3 /home/max/public_html/o-kompas/framework/base/CApplication.php(180): CWebApplication->processRequest()
#4 /home/max/public_html/o-kompas/index.php(13): CApplication->run()
#5 {main}
REQUEST_URI=/index.php/site/favicon.ico
---
2014/10/05 12:30:01 [error] [exception.CHttpException.404] exception 'CHttpException' with message 'Системе не удалось найти запрашиваемое действие "img".' in /home/max/public_html/o-kompas/framework/web/CController.php:483
Stack trace:
#0 /home/max/public_html/o-kompas/framework/web/CController.php(270): CController->missingAction('img')
#1 /home/max/public_html/o-kompas/framework/web/CWebApplication.php(282): CController->run('img')
#2 /home/max/public_html/o-kompas/framework/web/CWebApplication.php(141): CWebApplication->runController('site/img/favico...')
#3 /home/max/public_html/o-kompas/framework/base/CApplication.php(180): CWebApplication->processRequest()
#4 /home/max/public_html/o-kompas/index.php(13): CApplication->run()
#5 {main}
REQUEST_URI=/index.php/site/img/favicons/favicon.ico
---
